<?xml version="1.0" encoding="UTF-8"?>
<!-- Generated by org.testng.reporters.JUnitReportReporter -->
<testsuite skipped="1" hostname="Sandeeps-Air" name="com.DemoWebTours.Test.MyTest" tests="24" failures="0" timestamp="07 Apr 2020 04:04:54 GMT" time="133.519" errors="1">
  <testcase name="ConfPage" time="0.387" classname="com.DemoWebTours.Test.MyTest">
    <error type="junit.framework.ComparisonFailure" message="expected:&lt;...253...&gt; but was:&lt;...338...&gt;">
      <![CDATA[junit.framework.ComparisonFailure: expected:<...253...> but was:<...338...>
at junit.framework.Assert.assertEquals(Assert.java:81)
at junit.framework.Assert.assertEquals(Assert.java:87)
at com.DemoWebTours.Test.MyTest.ConfPage(MyTest.java:84)
at sun.reflect.NativeMethodAccessorImpl.invoke0(Native Method)
at sun.reflect.NativeMethodAccessorImpl.invoke(NativeMethodAccessorImpl.java:62)
at sun.reflect.DelegatingMethodAccessorImpl.invoke(DelegatingMethodAccessorImpl.java:43)
at java.lang.reflect.Method.invoke(Method.java:498)
at org.testng.internal.MethodInvocationHelper.invokeMethod(MethodInvocationHelper.java:124)
at org.testng.internal.Invoker.invokeMethod(Invoker.java:583)
at org.testng.internal.Invoker.invokeTestMethod(Invoker.java:719)
at org.testng.internal.Invoker.invokeTestMethods(Invoker.java:989)
at org.testng.internal.TestMethodWorker.invokeTestMethods(TestMethodWorker.java:125)
at org.testng.internal.TestMethodWorker.run(TestMethodWorker.java:109)
at org.testng.TestRunner.privateRun(TestRunner.java:648)
at org.testng.TestRunner.run(TestRunner.java:505)
at org.testng.SuiteRunner.runTest(SuiteRunner.java:455)
at org.testng.SuiteRunner.access$000(SuiteRunner.java:40)
at org.testng.SuiteRunner$SuiteWorker.run(SuiteRunner.java:489)
at org.testng.internal.thread.ThreadUtil$1.call(ThreadUtil.java:52)
at java.util.concurrent.FutureTask.run(FutureTask.java:266)
at java.util.concurrent.ThreadPoolExecutor.runWorker(ThreadPoolExecutor.java:1149)
at java.util.concurrent.ThreadPoolExecutor$Worker.run(ThreadPoolExecutor.java:624)
at java.lang.Thread.run(Thread.java:748)
]]>
    </error>
  </testcase> <!-- ConfPage -->
  <testcase name="RegistrationTest" time="9.941" classname="com.DemoWebTours.Test.MyTest"/>
  <testcase name="LogOut" time="0.000" classname="com.DemoWebTours.Test.MyTest">
    <skipped/>
  </testcase> <!-- LogOut -->
  <testcase name="RegistrationTest" time="9.863" classname="com.DemoWebTours.Test.MyTest"/>
  <testcase name="FlightSummeryTest" time="5.124" classname="com.DemoWebTours.Test.MyTest"/>
  <testcase name="LogOut" time="5.015" classname="com.DemoWebTours.Test.MyTest"/>
  <testcase name="LaunchAppURL" time="4.439" classname="com.DemoWebTours.Test.MyTest"/>
  <testcase name="FlightSummeryTest" time="5.117" classname="com.DemoWebTours.Test.MyTest"/>
  <testcase name="ConfPage" time="3.480" classname="com.DemoWebTours.Test.MyTest"/>
  <testcase name="SelectFlights" time="7.582" classname="com.DemoWebTours.Test.MyTest"/>
  <testcase name="LogOut" time="4.739" classname="com.DemoWebTours.Test.MyTest"/>
  <testcase name="RegistrationTest" time="8.967" classname="com.DemoWebTours.Test.MyTest"/>
  <testcase name="SelectFlights" time="7.763" classname="com.DemoWebTours.Test.MyTest"/>
  <testcase name="SelectFlights" time="7.275" classname="com.DemoWebTours.Test.MyTest"/>
  <testcase name="ConfPage" time="3.422" classname="com.DemoWebTours.Test.MyTest"/>
  <testcase name="LaunchAppURL" time="4.612" classname="com.DemoWebTours.Test.MyTest"/>
  <testcase name="FlightSummeryTest" time="5.394" classname="com.DemoWebTours.Test.MyTest"/>
  <testcase name="LaunchAppURL" time="4.436" classname="com.DemoWebTours.Test.MyTest"/>
  <testcase name="FlightSummeryTest" time="5.477" classname="com.DemoWebTours.Test.MyTest"/>
  <testcase name="SelectFlights" time="7.140" classname="com.DemoWebTours.Test.MyTest"/>
  <testcase name="LogOut" time="4.783" classname="com.DemoWebTours.Test.MyTest"/>
  <testcase name="RegistrationTest" time="10.328" classname="com.DemoWebTours.Test.MyTest"/>
  <testcase name="LaunchAppURL" time="4.773" classname="com.DemoWebTours.Test.MyTest"/>
  <testcase name="ConfPage" time="3.462" classname="com.DemoWebTours.Test.MyTest"/>
</testsuite> <!-- com.DemoWebTours.Test.MyTest -->
