<?xml version="1.0" encoding="UTF-8"?>
<!-- Generated by org.testng.reporters.JUnitReportReporter -->
<testsuite skipped="0" hostname="Sandeeps-Air" name="com.sandy.maven.E2ETest4Docker.com.sandy.maven.E2ETest4Docker.MyTest" tests="1" failures="0" timestamp="05 Apr 2020 13:03:54 GMT" time="0.005" errors="0">
  <testcase name="CreateOrder" time="0.005" classname="com.sandy.maven.E2ETest4Docker.com.sandy.maven.E2ETest4Docker.MyTest"/>
</testsuite> <!-- com.sandy.maven.E2ETest4Docker.com.sandy.maven.E2ETest4Docker.MyTest -->
